<?xml version="1.0" encoding="UTF-8"?>
<testng-results ignored="0" total="1" passed="1" failed="0" skipped="0">
  <reporter-output>
  </reporter-output>
  <suite started-at="2024-04-06T13:58:43 IST" name="Default suite" finished-at="2024-04-06T14:00:17 IST" duration-ms="93479">
    <groups>
    </groups>
    <test started-at="2024-04-06T13:58:43 IST" name="Default test" finished-at="2024-04-06T14:00:17 IST" duration-ms="93479">
      <class name="testpkg.Razortest">
        <test-method is-config="true" signature="setup()[pri:0, instance:testpkg.Razortest@59662a0b]" started-at="2024-04-06T13:58:43 IST" name="setup" finished-at="2024-04-06T13:59:05 IST" duration-ms="21663" status="PASS">
          <reporter-output>
          </reporter-output>
        </test-method> <!-- setup -->
        <test-method is-config="true" signature="url()[pri:0, instance:testpkg.Razortest@59662a0b]" started-at="2024-04-06T13:59:05 IST" name="url" finished-at="2024-04-06T13:59:43 IST" duration-ms="37539" status="PASS">
          <reporter-output>
          </reporter-output>
        </test-method> <!-- url -->
        <test-method signature="test()[pri:0, instance:testpkg.Razortest@59662a0b]" started-at="2024-04-06T13:59:43 IST" name="test" finished-at="2024-04-06T14:00:16 IST" duration-ms="33688" status="PASS">
          <reporter-output>
          </reporter-output>
        </test-method> <!-- test -->
      </class> <!-- testpkg.Razortest -->
    </test> <!-- Default test -->
  </suite> <!-- Default suite -->
</testng-results>
